CRITICAL - 2023-03-17 11:50:48 --> "permit_emty" is not a valid rule.
in SYSTEMPATH\Validation\Validation.php on line 320.
 1 SYSTEMPATH\Validation\Validation.php(320): CodeIgniter\Validation\Exceptions\ValidationException::forRuleNotFound('permit_emty')
 2 SYSTEMPATH\Validation\Validation.php(170): CodeIgniter\Validation\Validation->processRules('email', 'email', 'saavedraphp@gmail.com', [...], [...])
 3 SYSTEMPATH\BaseModel.php(1453): CodeIgniter\Validation\Validation->run([...], null, null)
 4 SYSTEMPATH\BaseModel.php(745): CodeIgniter\BaseModel->validate([...])
 5 SYSTEMPATH\Model.php(730): CodeIgniter\BaseModel->insert([...], true)
 6 APPPATH\Controllers\API\Clientes.php(33): CodeIgniter\Model->insert(Object(stdClass))
 7 SYSTEMPATH\CodeIgniter.php(934): App\Controllers\API\Clientes->create()
 8 SYSTEMPATH\CodeIgniter.php(499): CodeIgniter\CodeIgniter->runController(Object(App\Controllers\API\Clientes))
 9 SYSTEMPATH\CodeIgniter.php(368): CodeIgniter\CodeIgniter->handleRequest(null, Object(Config\Cache), false)
10 FCPATH\index.php(67): CodeIgniter\CodeIgniter->run()
11 SYSTEMPATH\Commands\Server\rewrite.php(47): require_once('FCPATH\\index.php')
CRITICAL - 2023-03-17 11:52:14 --> "permit_emty" is not a valid rule.
in SYSTEMPATH\Validation\Validation.php on line 320.
 1 SYSTEMPATH\Validation\Validation.php(320): CodeIgniter\Validation\Exceptions\ValidationException::forRuleNotFound('permit_emty')
 2 SYSTEMPATH\Validation\Validation.php(170): CodeIgniter\Validation\Validation->processRules('email', 'email', 'saavedraph1@gmail.com', [...], [...])
 3 SYSTEMPATH\BaseModel.php(1453): CodeIgniter\Validation\Validation->run([...], null, null)
 4 SYSTEMPATH\BaseModel.php(745): CodeIgniter\BaseModel->validate([...])
 5 SYSTEMPATH\Model.php(730): CodeIgniter\BaseModel->insert([...], true)
 6 APPPATH\Controllers\API\Clientes.php(33): CodeIgniter\Model->insert(Object(stdClass))
 7 SYSTEMPATH\CodeIgniter.php(934): App\Controllers\API\Clientes->create()
 8 SYSTEMPATH\CodeIgniter.php(499): CodeIgniter\CodeIgniter->runController(Object(App\Controllers\API\Clientes))
 9 SYSTEMPATH\CodeIgniter.php(368): CodeIgniter\CodeIgniter->handleRequest(null, Object(Config\Cache), false)
10 FCPATH\index.php(67): CodeIgniter\CodeIgniter->run()
11 SYSTEMPATH\Commands\Server\rewrite.php(47): require_once('FCPATH\\index.php')
